<?xml version="1.0" encoding="UTF-8"?>
<!-- Generated by org.testng.reporters.JUnitReportReporter -->
<testsuite hostname="DESKTOP-7KCM8M2" failures="0" tests="5" name="Execute.NewTest" time="142.263" errors="0" timestamp="2023-04-27T19:54:33 IST" skipped="0">
  <testcase classname="Execute.NewTest" name="f" time="24.063"/>
  <system-out/>
  <testcase classname="Execute.NewTest" name="f" time="22.687"/>
  <system-out/>
  <testcase classname="Execute.NewTest" name="f" time="50.957"/>
  <system-out/>
  <testcase classname="Execute.NewTest" name="f" time="21.105"/>
  <system-out/>
  <testcase classname="Execute.NewTest" name="f" time="23.451"/>
  <system-out/>
</testsuite> <!-- Execute.NewTest -->
